[13:18:17] [ServerMain/INFO]: Building unoptimized datafixer
[13:18:20] [ServerMain/INFO]: Environment: authHost='https://authserver.mojang.com', accountsHost='https://api.mojang.com', sessionHost='https://sessionserver.mojang.com', servicesHost='https://api.minecraftservices.com', name='PROD'
[13:18:20] [ServerMain/INFO]: Found new data pack file/bukkit, loading it automatically
[13:18:24] [ServerMain/INFO]: Loaded 7 recipes
[13:18:26] [Server thread/INFO]: Starting minecraft server version 1.19.3
[13:18:26] [Server thread/INFO]: Loading properties
[13:18:26] [Server thread/INFO]: This server is running Paper version git-Paper-403 (MC: 1.19.3) (Implementing API version 1.19.3-R0.1-SNAPSHOT) (Git: 27516ee)
[13:18:26] [Server thread/INFO]: Server Ping Player Sample Count: 12
[13:18:26] [Server thread/INFO]: Using 4 threads for Netty based IO
[13:18:27] [Server thread/INFO]: [ChunkTaskScheduler] Chunk system is using 1 I/O threads, 1 worker threads, and gen parallelism of 1 threads
[13:18:27] [Server thread/INFO]: Default game type: SURVIVAL
[13:18:27] [Server thread/INFO]: Generating keypair
[13:18:28] [Server thread/INFO]: Starting Minecraft server on *:25565
[13:18:28] [Server thread/INFO]: Using epoll channel type
[13:18:28] [Server thread/INFO]: Paper: Using libdeflate (Linux x86_64) compression from Velocity.
[13:18:28] [Server thread/INFO]: Paper: Using OpenSSL 1.1.x (Linux x86_64) cipher from Velocity.
[13:18:28] [Server thread/INFO]: Server permissions file permissions.yml is empty, ignoring it
[13:18:28] [Server thread/WARN]: **** SERVER IS RUNNING IN OFFLINE/INSECURE MODE!
[13:18:28] [Server thread/WARN]: The server will make no attempt to authenticate usernames. Beware.
[13:18:28] [Server thread/WARN]: While this makes the game possible to play without internet access, it also opens up the ability for hackers to connect with any username they choose.
[13:18:28] [Server thread/WARN]: To change this, set "online-mode" to "true" in the server.properties file.
[13:18:28] [Server thread/INFO]: Preparing level "world"
[13:18:32] [Server thread/INFO]: Preparing start region for dimension minecraft:overworld
[13:18:32] [Server thread/INFO]: Time elapsed: 184 ms
[13:18:32] [Server thread/INFO]: Preparing start region for dimension minecraft:the_nether
[13:18:32] [Server thread/INFO]: Time elapsed: 117 ms
[13:18:32] [Server thread/INFO]: Preparing start region for dimension minecraft:the_end
[13:18:32] [Server thread/INFO]: Time elapsed: 97 ms
[13:18:32] [Server thread/INFO]: Running delayed init tasks
[13:18:32] [Server thread/INFO]: Done (6.695s)! For help, type "help"
[13:18:32] [Server thread/INFO]: Timings Reset
[13:27:21] [Server thread/INFO]: Stopping the server
[13:27:21] [Server thread/INFO]: Stopping server
[13:27:21] [Server thread/INFO]: Saving players
[13:27:21] [Server thread/INFO]: Saving worlds
[13:27:21] [Server thread/INFO]: Saving chunks for level 'ServerLevel[world]'/minecraft:overworld
[13:27:21] [Server thread/INFO]: [ChunkHolderManager] Waiting 60s for chunk system to halt for world 'world'
[13:27:21] [Server thread/INFO]: [ChunkHolderManager] Halted chunk system for world 'world'
[13:27:21] [Server thread/INFO]: [ChunkHolderManager] Saving all chunkholders for world 'world'
[13:27:21] [Server thread/INFO]: [ChunkHolderManager] Saved 1 block chunks, 68 entity chunks, 0 poi chunks in world 'world' in 0.04s
[13:27:21] [Server thread/INFO]: ThreadedAnvilChunkStorage (world): All chunks are saved
[13:27:21] [Server thread/INFO]: Saving chunks for level 'ServerLevel[world_nether]'/minecraft:the_nether
[13:27:21] [Server thread/INFO]: [ChunkHolderManager] Waiting 60s for chunk system to halt for world 'world_nether'
[13:27:21] [Server thread/INFO]: [ChunkHolderManager] Halted chunk system for world 'world_nether'
[13:27:21] [Server thread/INFO]: [ChunkHolderManager] Saving all chunkholders for world 'world_nether'
[13:27:21] [Server thread/INFO]: [ChunkHolderManager] Saved 1 block chunks, 66 entity chunks, 0 poi chunks in world 'world_nether' in 0.05s
[13:27:21] [Server thread/INFO]: ThreadedAnvilChunkStorage (DIM-1): All chunks are saved
[13:27:21] [Server thread/INFO]: Saving chunks for level 'ServerLevel[world_the_end]'/minecraft:the_end
[13:27:21] [Server thread/INFO]: [ChunkHolderManager] Waiting 60s for chunk system to halt for world 'world_the_end'
[13:27:21] [Server thread/INFO]: [ChunkHolderManager] Halted chunk system for world 'world_the_end'
[13:27:21] [Server thread/INFO]: [ChunkHolderManager] Saving all chunkholders for world 'world_the_end'
[13:27:22] [Server thread/INFO]: [ChunkHolderManager] Saved 750 block chunks, 5 entity chunks, 0 poi chunks in world 'world_the_end' in 0.57s
[13:27:22] [Server thread/INFO]: ThreadedAnvilChunkStorage (DIM1): All chunks are saved
[13:27:22] [Server thread/INFO]: ThreadedAnvilChunkStorage: All dimensions are saved
[13:27:22] [Server thread/INFO]: Flushing Chunk IO
[13:27:22] [Server thread/INFO]: Closing Thread Pool
[13:27:22] [Server thread/INFO]: Closing Server
